<?xml version="1.0" encoding="UTF-8"?>
<!-- Generated by org.testng.reporters.JUnitReportReporter -->
<testsuite hostname="NAG1-LHP-N07101" failures="0" tests="1" name="jwt.controllerTest.BookControlerTest" time="0.013" errors="0" timestamp="2021-05-12T01:14:11 IST" skipped="0">
  <testcase classname="jwt.controllerTest.BookControlerTest" name="env" time="0.013"/>
  <system-out/>
</testsuite> <!-- jwt.controllerTest.BookControlerTest -->
