<?xml version="1.0" encoding="UTF-8"?>
<!-- Generated by org.testng.reporters.JUnitReportReporter -->
<testsuite hostname="NAG1-LHP-N07101" failures="0" tests="1" name="modelTest.TestFavorite" time="10.361" errors="0" timestamp="2021-05-11T23:47:10 IST" skipped="0">
  <testcase classname="modelTest.TestFavorite" name="Beantest" time="10.361"/>
  <system-out/>
</testsuite> <!-- modelTest.TestFavorite -->
