<?xml version="1.0" encoding="UTF-8"?>
<!-- Generated by org.testng.reporters.JUnitReportReporter -->
<testsuite hostname="NAG1-LHP-N07101" failures="0" tests="1" name="modelTest.TestBook" time="8.410" errors="0" timestamp="2021-05-11T22:08:04 IST" skipped="0">
  <testcase classname="modelTest.TestBook" name="Beantest" time="8.410"/>
  <system-out/>
</testsuite> <!-- modelTest.TestBook -->
