<?xml version="1.0" encoding="UTF-8"?>
<!-- Generated by org.testng.reporters.JUnitReportReporter -->
<testsuite hostname="NAG1-LHP-N07101" failures="0" tests="1" name="modelTest.UserDTOTest" time="2.275" errors="0" timestamp="2021-05-11T23:52:08 IST" skipped="0">
  <testcase classname="modelTest.UserDTOTest" name="Beantest" time="2.275"/>
  <system-out/>
</testsuite> <!-- modelTest.UserDTOTest -->
